[LOG] System::create                           : Header version = 1.10.13. Current version = 1.10.13.
[LOG] Manager::init                            : maxchannels = 256 studioflags = 00000006 flags 00000000 extradriverdata 0000000000000000.
[LOG] SystemI::init                            : Initialize version=11013 (102169), maxchannels=256, flags=0x00020000
[LOG] SystemI::setOutputInternal               : Setting output to 'FMOD WASAPI Output'
[LOG] OutputWASAPI::init                       : Mix Format (WAVEFORMATEX): wFormatTag=0xFFFE, nChannels=2, nSamplesPerSec=48000, nAvgBytesPerSec=384000, nBlockAlign=8, wBitsPerSample=32, cbSize=22.
[LOG] OutputWASAPI::init                       : Mix Format (WAVEFORMATEXTENSIBLE): wValidBitsPerSample=32, dwChannelMask=0x00000003, SubFormat=00000003-0000-0010-8000-00AA00389B71.
[LOG] OutputWASAPI::init                       : Output buffer size: 4096 samples, latency: 0.00ms, period: 10.00ms, DSP buffer: 1024 * 4
[LOG] Thread::initThread                       : Init FMOD stream thread. Priority: 2, Stack Size: 65536, Semaphore: No, Sleep Time: 10, Looping: Yes.
[LOG] Thread::initThread                       : Init FMOD mixer thread. Priority: 3, Stack Size: 49152, Semaphore: No, Sleep Time: 0, Looping: Yes.
[LOG] AsyncManager::init                       : manager 000002AA1BCE5D68 isAsync 0 updatePeriod 0.02
[LOG] AsyncManager::init                       : done
[LOG] PlaybackSystem::init                     : 
[LOG] Thread::initThread                       : Init FMOD Studio sample load thread. Priority: 0, Stack Size: 65536, Semaphore: No, Sleep Time: 1, Looping: No.
[LOG] PlaybackSystem::init                     : done
[LOG] Thread::initThread                       : Init FMOD Studio bank load thread. Priority: 0, Stack Size: 65536, Semaphore: No, Sleep Time: 1, Looping: No.
[LOG] Manager::init                            : done.
[LOG] Manager::readBank                        : fileversion = 103, compatVersion = 99 (oldest = 44, newest = 103)
[LOG] Manager::readBank                        : fileversion = 103, compatVersion = 99 (oldest = 44, newest = 103)
[LOG] SystemI::createSound                     : filename = Build_FMOD\Desktop/Master Bank.bank : mode 02010082
[LOG] SystemI::createSound                     : FMOD_NONBLOCKING specified.  Putting into queue to be opened asynchronously!
[LOG] SystemI::createSound                     : setdata soundi = 000002AACD3E3508 : node = 000002AABA0C2CC0
[LOG] SystemI::createSound                     : add node to async list : head = 000002AA05DA60C8.  list count = 0
[LOG] AsyncThread::threadFunc                  : Starting Asynchronous operation on sound 000002AACD3E3508
[LOG] SystemI::createSoundInternal             :     Create name='Build_FMOD\Desktop/Master Bank.bank', mode=0x02010082
[LOG] SystemI::createSoundInternal             :     exinfo->cbsize             = 232
[LOG] SystemI::createSoundInternal             :     exinfo->length             = 72722080
[LOG] SystemI::createSoundInternal             :     exinfo->fileoffset         = 47424
[LOG] SystemI::createSoundInternal             :     exinfo->numsubsounds       = 1
[LOG] SystemI::createSoundInternal             :     exinfo->inclusionlist      = 000002AABA0C2DD8
[LOG] SystemI::createSoundInternal             :     exinfo->inclusionlistnum   = 1
[LOG] SystemI::createSoundInternal             :     exinfo->suggestedsoundtype = 5
[LOG] SystemI::createSoundInternal             :     exinfo->initialseekpostype = 1
[LOG] SystemI::createSoundInternal             :     Stream 0/1: name='CAR_2_GRAVE_LONG', format=2, channels=2, frequency=48000, lengthbytes=255968, lengthpcm=1056000, pcmblocksize=0, loopstart=0, loopend=0, mode=0x00000000, channelmask=0x00000000, channelorder=0, peakvolume=0.857391.
[LOG] AsyncThread::threadFunc                  : Finished Asynchronous operation on sound 000002AACD3E3508
[LOG] SoundI::getSubSound                      : sound 000002AACD3E3508.  Subsound index 0 / 1
[LOG] SoundI::release                          : CAR_2_GRAVE_LONG (000002AA0440B688)
[LOG] SoundI::release                          :     CAR_2_GRAVE_LONG (000002AA05DA5418)
[LOG] SoundI::release                          :     CAR_2_GRAVE_LONG (000002AA05BAE218)
[LOG] SystemI::createSound                     : filename = Build_FMOD\Desktop/Master Bank.bank : mode 02010082
[LOG] SystemI::createSound                     : FMOD_NONBLOCKING specified.  Putting into queue to be opened asynchronously!
[LOG] SystemI::createSound                     : setdata soundi = 000002AA05BAE218 : node = 000002AA47ED3D20
[LOG] SystemI::createSound                     : add node to async list : head = 000002AA05DA60C8.  list count = 0
[LOG] AsyncThread::threadFunc                  : Starting Asynchronous operation on sound 000002AA05BAE218
[LOG] SystemI::createSoundInternal             :     Create name='Build_FMOD\Desktop/Master Bank.bank', mode=0x02010082
[LOG] SystemI::createSoundInternal             :     exinfo->cbsize             = 232
[LOG] SystemI::createSoundInternal             :     exinfo->length             = 72722080
[LOG] SystemI::createSoundInternal             :     exinfo->fileoffset         = 47424
[LOG] SystemI::createSoundInternal             :     exinfo->numsubsounds       = 1
[LOG] SystemI::createSoundInternal             :     exinfo->inclusionlist      = 000002AA47ED3E38
[LOG] SystemI::createSoundInternal             :     exinfo->inclusionlistnum   = 1
[LOG] SystemI::createSoundInternal             :     exinfo->suggestedsoundtype = 5
[LOG] SystemI::createSoundInternal             :     exinfo->initialseekpostype = 1
[LOG] SystemI::createSoundInternal             :     Stream 0/1: name='CAR_1_GRAVE_LONG', format=2, channels=2, frequency=48000, lengthbytes=272448, lengthpcm=1056000, pcmblocksize=0, loopstart=0, loopend=0, mode=0x00000000, channelmask=0x00000000, channelorder=0, peakvolume=0.523712.
[LOG] AsyncThread::threadFunc                  : Finished Asynchronous operation on sound 000002AA05BAE218
[LOG] SoundI::getSubSound                      : sound 000002AA05BAE218.  Subsound index 0 / 1
[LOG] SoundI::release                          : CAR_1_GRAVE_LONG (000002AA0440B4D8)
[LOG] SoundI::release                          :     CAR_1_GRAVE_LONG (000002AA05DA48B8)
[LOG] SoundI::release                          :     CAR_1_GRAVE_LONG (000002AA058F93C8)
[LOG] Manager::readBank                        : fileversion = 103, compatVersion = 99 (oldest = 44, newest = 103)
[LOG] SystemI::createSound                     : filename = Build_FMOD\Desktop/Master Bank.bank : mode 02010082
[LOG] SystemI::createSound                     : FMOD_NONBLOCKING specified.  Putting into queue to be opened asynchronously!
[LOG] SystemI::createSound                     : setdata soundi = 000002AA0440B4D8 : node = 000002AABA0C2A20
[LOG] SystemI::createSound                     : add node to async list : head = 000002AA05DA60C8.  list count = 0
[LOG] AsyncThread::threadFunc                  : Starting Asynchronous operation on sound 000002AA0440B4D8
[LOG] SystemI::createSoundInternal             :     Create name='Build_FMOD\Desktop/Master Bank.bank', mode=0x02010082
[LOG] SystemI::createSoundInternal             :     exinfo->cbsize             = 232
[LOG] SystemI::createSoundInternal             :     exinfo->length             = 72722080
[LOG] SystemI::createSoundInternal             :     exinfo->fileoffset         = 47424
[LOG] SystemI::createSoundInternal             :     exinfo->numsubsounds       = 1
[LOG] SystemI::createSoundInternal             :     exinfo->inclusionlist      = 000002AABA0C2B38
[LOG] SystemI::createSoundInternal             :     exinfo->inclusionlistnum   = 1
[LOG] SystemI::createSoundInternal             :     exinfo->suggestedsoundtype = 5
[LOG] SystemI::createSoundInternal             :     exinfo->initialseekpostype = 1
[LOG] SystemI::createSoundInternal             :     Stream 0/1: name='CAR_2_GRAVE_LONG', format=2, channels=2, frequency=48000, lengthbytes=255968, lengthpcm=1056000, pcmblocksize=0, loopstart=0, loopend=0, mode=0x00000000, channelmask=0x00000000, channelorder=0, peakvolume=0.857391.
[LOG] AsyncThread::threadFunc                  : Finished Asynchronous operation on sound 000002AA0440B4D8
[LOG] SoundI::getSubSound                      : sound 000002AA0440B4D8.  Subsound index 0 / 1
[LOG] SoundI::release                          : CAR_2_GRAVE_LONG (000002AACD3E3508)
[LOG] SoundI::release                          :     CAR_2_GRAVE_LONG (000002AAB9F5F088)
[LOG] SoundI::release                          :     CAR_2_GRAVE_LONG (000002AA058F8648)
[LOG] SystemI::createSound                     : filename = Build_FMOD\Desktop/Master Bank.bank : mode 02010082
[LOG] SystemI::createSound                     : FMOD_NONBLOCKING specified.  Putting into queue to be opened asynchronously!
[LOG] SystemI::createSound                     : setdata soundi = 000002AACD3E3508 : node = 000002AA048EEFF0
[LOG] SystemI::createSound                     : add node to async list : head = 000002AA05DA60C8.  list count = 0
[LOG] AsyncThread::threadFunc                  : Starting Asynchronous operation on sound 000002AACD3E3508
[LOG] SystemI::createSoundInternal             :     Create name='Build_FMOD\Desktop/Master Bank.bank', mode=0x02010082
[LOG] SystemI::createSoundInternal             :     exinfo->cbsize             = 232
[LOG] SystemI::createSoundInternal             :     exinfo->length             = 72722080
[LOG] SystemI::createSoundInternal             :     exinfo->fileoffset         = 47424
[LOG] SystemI::createSoundInternal             :     exinfo->numsubsounds       = 1
[LOG] SystemI::createSoundInternal             :     exinfo->inclusionlist      = 000002AA048EF108
[LOG] SystemI::createSoundInternal             :     exinfo->inclusionlistnum   = 1
[LOG] SystemI::createSoundInternal             :     exinfo->suggestedsoundtype = 5
[LOG] SystemI::createSoundInternal             :     exinfo->initialseekpostype = 1
[LOG] SystemI::createSoundInternal             :     Stream 0/1: name='OST1', format=2, channels=2, frequency=48000, lengthbytes=14467360, lengthpcm=52222164, pcmblocksize=0, loopstart=0, loopend=0, mode=0x00000000, channelmask=0x00000000, channelorder=0, peakvolume=0.999969.
[LOG] AsyncThread::threadFunc                  : Finished Asynchronous operation on sound 000002AACD3E3508
[LOG] SoundI::getSubSound                      : sound 000002AACD3E3508.  Subsound index 0 / 1
[LOG] Manager::readBank                        : fileversion = 103, compatVersion = 99 (oldest = 44, newest = 103)
[LOG] SystemI::createSound                     : filename = Build_FMOD\Desktop/Master Bank.bank : mode 02010082
[LOG] SystemI::createSound                     : FMOD_NONBLOCKING specified.  Putting into queue to be opened asynchronously!
[LOG] SystemI::createSound                     : setdata soundi = 000002AA4B225CC8 : node = 000002AABA0C4700
[LOG] SystemI::createSound                     : add node to async list : head = 000002AA05DA60C8.  list count = 0
[LOG] AsyncThread::threadFunc                  : Starting Asynchronous operation on sound 000002AA4B225CC8
[LOG] SystemI::createSoundInternal             :     Create name='Build_FMOD\Desktop/Master Bank.bank', mode=0x02010082
[LOG] SystemI::createSoundInternal             :     exinfo->cbsize             = 232
[LOG] SystemI::createSoundInternal             :     exinfo->length             = 72722080
[LOG] SystemI::createSoundInternal             :     exinfo->fileoffset         = 47424
[LOG] SystemI::createSoundInternal             :     exinfo->numsubsounds       = 1
[LOG] SystemI::createSoundInternal             :     exinfo->inclusionlist      = 000002AABA0C4818
[LOG] SystemI::createSoundInternal             :     exinfo->inclusionlistnum   = 1
[LOG] SystemI::createSoundInternal             :     exinfo->suggestedsoundtype = 5
[LOG] SystemI::createSoundInternal             :     exinfo->initialseekpostype = 1
[LOG] SystemI::createSoundInternal             :     Stream 0/1: name='CAR_2_GRAVE_LONG', format=2, channels=2, frequency=48000, lengthbytes=255968, lengthpcm=1056000, pcmblocksize=0, loopstart=0, loopend=0, mode=0x00000000, channelmask=0x00000000, channelorder=0, peakvolume=0.857391.
[LOG] AsyncThread::threadFunc                  : Finished Asynchronous operation on sound 000002AA4B225CC8
[LOG] SoundI::getSubSound                      : sound 000002AA4B225CC8.  Subsound index 0 / 1
[LOG] SystemI::createSound                     : filename = Build_FMOD\Desktop/Master Bank.bank : mode 02010082
[LOG] SystemI::createSound                     : FMOD_NONBLOCKING specified.  Putting into queue to be opened asynchronously!
[LOG] SystemI::createSound                     : setdata soundi = 000002AAD4B07E98 : node = 000002AABA0C2CC0
[LOG] SystemI::createSound                     : add node to async list : head = 000002AA05DA60C8.  list count = 0
[LOG] AsyncThread::threadFunc                  : Starting Asynchronous operation on sound 000002AAD4B07E98
[LOG] SystemI::createSoundInternal             :     Create name='Build_FMOD\Desktop/Master Bank.bank', mode=0x02010082
[LOG] SystemI::createSoundInternal             :     exinfo->cbsize             = 232
[LOG] SystemI::createSoundInternal             :     exinfo->length             = 72722080
[LOG] SystemI::createSoundInternal             :     exinfo->fileoffset         = 47424
[LOG] SystemI::createSoundInternal             :     exinfo->numsubsounds       = 1
[LOG] SystemI::createSoundInternal             :     exinfo->inclusionlist      = 000002AABA0C2DD8
[LOG] SystemI::createSoundInternal             :     exinfo->inclusionlistnum   = 1
[LOG] SystemI::createSoundInternal             :     exinfo->suggestedsoundtype = 5
[LOG] SystemI::createSoundInternal             :     exinfo->initialseekpostype = 1
[LOG] SystemI::createSoundInternal             :     Stream 0/1: name='CAR_1_GRAVE_LONG', format=2, channels=2, frequency=48000, lengthbytes=272448, lengthpcm=1056000, pcmblocksize=0, loopstart=0, loopend=0, mode=0x00000000, channelmask=0x00000000, channelorder=0, peakvolume=0.523712.
[LOG] AsyncThread::threadFunc                  : Finished Asynchronous operation on sound 000002AAD4B07E98
[LOG] SoundI::getSubSound                      : sound 000002AAD4B07E98.  Subsound index 0 / 1
[LOG] SoundI::release                          : CAR_2_GRAVE_LONG (000002AA0440B4D8)
[LOG] SoundI::release                          :     CAR_2_GRAVE_LONG (000002AAB9F5DB68)
[LOG] SoundI::release                          :     CAR_2_GRAVE_LONG (000002AA058F93C8)
[LOG] SoundI::release                          : CAR_1_GRAVE_LONG (000002AA05BAE218)
[LOG] SoundI::release                          :     CAR_1_GRAVE_LONG (000002AAB9F5F228)
[LOG] SoundI::release                          :     CAR_1_GRAVE_LONG (000002AA0440B688)
[LOG] Manager::readBank                        : fileversion = 103, compatVersion = 99 (oldest = 44, newest = 103)
[LOG] SystemI::createSound                     : filename = Build_FMOD\Desktop/Master Bank.bank : mode 02010082
[LOG] SystemI::createSound                     : FMOD_NONBLOCKING specified.  Putting into queue to be opened asynchronously!
[LOG] SystemI::createSound                     : setdata soundi = 000002AAD4B06C08 : node = 000002AABA0C2A20
[LOG] SystemI::createSound                     : add node to async list : head = 000002AA05DA60C8.  list count = 0
[LOG] AsyncThread::threadFunc                  : Starting Asynchronous operation on sound 000002AAD4B06C08
[LOG] SystemI::createSoundInternal             :     Create name='Build_FMOD\Desktop/Master Bank.bank', mode=0x02010082
[LOG] SystemI::createSoundInternal             :     exinfo->cbsize             = 232
[LOG] SystemI::createSoundInternal             :     exinfo->length             = 72722080
[LOG] SystemI::createSoundInternal             :     exinfo->fileoffset         = 47424
[LOG] SystemI::createSoundInternal             :     exinfo->numsubsounds       = 1
[LOG] SystemI::createSoundInternal             :     exinfo->inclusionlist      = 000002AABA0C2B38
[LOG] SystemI::createSoundInternal             :     exinfo->inclusionlistnum   = 1
[LOG] SystemI::createSoundInternal             :     exinfo->suggestedsoundtype = 5
[LOG] SystemI::createSoundInternal             :     exinfo->initialseekpostype = 1
[LOG] SystemI::createSoundInternal             :     Stream 0/1: name='wind_general_soft_low_loop_04', format=2, channels=2, frequency=48000, lengthbytes=345536, lengthpcm=1292134, pcmblocksize=0, loopstart=0, loopend=0, mode=0x00000000, channelmask=0x00000000, channelorder=0, peakvolume=0.150604.
[LOG] AsyncThread::threadFunc                  : Finished Asynchronous operation on sound 000002AAD4B06C08
[LOG] SoundI::getSubSound                      : sound 000002AAD4B06C08.  Subsound index 0 / 1
[LOG] SoundI::release                          : wind_general_soft_low_loop_04 (000002AA0440B9E8)
[LOG] SoundI::release                          :     wind_general_soft_low_loop_04 (000002AA05DA62B8)
[LOG] SoundI::release                          :     wind_general_soft_low_loop_04 (000002AA058F8EB8)
[LOG] SoundI::release                          :  (000002AAB91B13D8)
[LOG] SoundI::release                          :     Collision2 (000002AACE93E528)
[LOG] SoundI::release                          :  (000002AAB91B10F8)
[LOG] SoundI::release                          :     Collision3 (000002AACE93F228)
[LOG] SoundI::release                          :  (000002AAB91B23A8)
[LOG] SoundI::release                          :     Collision1 (000002AACE93E048)
[LOG] SoundI::release                          :  (000002AAB91B09C8)
[LOG] SoundI::release                          :     Steam1 (000002AACE93D9C8)
[LOG] SoundI::release                          :  (000002AAB91B0CA8)
[LOG] SoundI::release                          :     Boost2_end (000002AACE93ED48)
[LOG] SoundI::release                          :  (000002AAB91B1998)
[LOG] SoundI::release                          :     RepairedOK_2 (000002AACE93E6C8)
[LOG] SoundI::release                          :  (000002AA4AD7D5B8)
[LOG] SoundI::release                          :     Landing_car_2 (000002AA05DA6118)
[LOG] SoundI::release                          :  (000002AA4AD7D898)
[LOG] SoundI::release                          :     Steam3 (000002AA05DA5278)
[LOG] SoundI::release                          : CAR_2_GRAVE_LONG (000002AA4B225CC8)
[LOG] SoundI::release                          :     CAR_2_GRAVE_LONG (000002AAB9F5ED48)
[LOG] SoundI::release                          :     CAR_2_GRAVE_LONG (000002AAD4B07B38)
[LOG] SoundI::release                          : CAR_1_GRAVE_LONG (000002AAD4B07E98)
[LOG] SoundI::release                          :     CAR_1_GRAVE_LONG (000002AAB9F5F088)
[LOG] SoundI::release                          :     CAR_1_GRAVE_LONG (000002AAD4B072C8)
[LOG] SoundI::release                          : OST1 (000002AACD3E3508)
[LOG] SoundI::release                          :     OST1 (000002AAB9F5E388)
[LOG] SoundI::release                          :     OST1 (000002AA058F8648)
[LOG] SoundI::release                          : wind_general_soft_low_loop_04 (000002AAD4B06C08)
[LOG] SoundI::release                          :     wind_general_soft_low_loop_04 (000002AAB9F5DD08)
[LOG] SoundI::release                          :     wind_general_soft_low_loop_04 (000002AAD4B061E8)
[LOG] SoundI::release                          :  (000002AAB91B2238)
[LOG] SoundI::release                          :     Steam2 (000002AACE93F088)
[LOG] SoundI::release                          :  (000002AAB91B1C78)
[LOG] SoundI::release                          :     Klaxon2 (000002AACE93DB68)
[LOG] SoundI::release                          :  (000002AA4AD7CBA8)
[LOG] SoundI::release                          :     Hammer4 (000002AA05DA4BF8)
[LOG] SoundI::release                          :  (000002AA4AD7CA38)
[LOG] SoundI::release                          :     Hammer1 (000002AA05DA4578)
[LOG] SoundI::release                          :  (000002AAB91B1268)
[LOG] SoundI::release                          :     Hammer2 (000002AACE93DEA8)
[LOG] SoundI::release                          :  (000002AAB91B1B08)
[LOG] SoundI::release                          :     Hammer3 (000002AACE93EA08)
[LOG] SoundI::release                          :  (000002AA4AD7D168)
[LOG] SoundI::release                          :     3-2-1_massive (000002AA05DA58F8)
[LOG] SoundI::release                          :  (000002AAB91B16B8)
[LOG] SoundI::release                          :     Explosion2 (000002AACE93F3C8)
[LOG] SoundI::release                          :  (000002AA4AD7DB78)
[LOG] SoundI::release                          :     Explosion3 (000002AA05DA50D8)
[LOG] SoundI::release                          :  (000002AAB91B20C8)
[LOG] SoundI::release                          :     Explosion4 (000002AACE93DD08)
[LOG] SoundI::release                          :  (000002AAB91B0B38)
[LOG] SoundI::release                          :     Explosion1 (000002AACE93E388)
[LOG] SoundI::release                          :  (000002AA4AD7C758)
[LOG] SoundI::release                          :     Landing_car_1 (000002AA05DA4718)
[LOG] SoundI::release                          :  (000002AAB91B0E18)
[LOG] SoundI::release                          :     Boost1_end (000002AACE93D828)
[LOG] SoundI::release                          :  (000002AAB91B1828)
[LOG] SoundI::release                          :     Klaxon3 (000002AACE93EEE8)
[LOG] SoundI::release                          :  (000002AA4AD7CE88)
[LOG] SoundI::release                          :     Respawn (000002AA05DA55B8)
[LOG] SoundI::release                          :  (000002AAB91B0F88)
[LOG] SoundI::release                          :     rldd2 (000002AACE93F568)
[LOG] SoundI::release                          :  (000002AAB91B1DE8)
[LOG] SoundI::release                          :     GO_massive (000002AACE93EBA8)
[LOG] Thread::callback                         : FMOD Studio update thread finished.
[LOG] Thread::callback                         : FMOD Studio bank load thread finished.
[LOG] Profile::disconnectAll                   : Profiler disconnecting all clients
[LOG] Thread::callback                         : FMOD Studio sample load thread finished.
[LOG] LiveUpdate::release                      : 
[LOG] LiveUpdate::reset                        : Reset connection (reason Disconnected)
[LOG] Thread::callback                         : FMOD stream thread finished.
[LOG] Thread::callback                         : FMOD mixer thread finished.
[LOG] Profile::disconnectAll                   : Profiler disconnecting all clients
[LOG] SystemI::close                           : Closed.
[LOG] Manager::readBank                        : fileversion = 103, compatVersion = 99 (oldest = 44, newest = 103)
[LOG] Manager::readBank                        : fileversion = 103, compatVersion = 99 (oldest = 44, newest = 103)
[LOG] Manager::readBank                        : fileversion = 103, compatVersion = 99 (oldest = 44, newest = 103)
[LOG] Manager::readBank                        : fileversion = 103, compatVersion = 99 (oldest = 44, newest = 103)
[LOG] Manager::readBank                        : fileversion = 103, compatVersion = 99 (oldest = 44, newest = 103)
[LOG] Manager::readBank                        : fileversion = 103, compatVersion = 99 (oldest = 44, newest = 103)
[LOG] PlaybackSystem::acquireMasterBus         : Setting master channel group format to 6
[LOG] Thread::callback                         : FMOD Studio bank load thread finished.
[LOG] Thread::callback                         : FMOD Studio sample load thread finished.
[LOG] LiveUpdate::release                      : 
[LOG] LiveUpdate::reset                        : Reset connection (reason Disconnected)
[LOG] Thread::callback                         : FMOD stream thread finished.
[LOG] Thread::callback                         : FMOD mixer thread finished.
[LOG] Thread::callback                         : FMOD nonblocking thread (0) finished.
[LOG] Thread::callback                         : FMOD file thread finished.
[LOG] SystemI::close                           : Closed.
